<?xml version="1.0" encoding="UTF-8"?>
<robot generator="Robot 7.0 (Python 3.10.2 on win32)" generated="2024-02-15T20:03:01.814572" rpa="false" schemaversion="5">
<suite id="s1" name="Simple" source="D:\Java\robotremote\simple.robot">
<test id="s1-t1" name="Test 1" line="10">
<kw name="Fill Form" owner="Remote">
<status status="PASS" start="2024-02-15T20:03:01.880116" elapsed="7.536636"/>
</kw>
<status status="PASS" start="2024-02-15T20:03:01.879416" elapsed="7.538337"/>
</test>
<status status="PASS" start="2024-02-15T20:03:01.816582" elapsed="7.602172"/>
</suite>
<statistics>
<total>
<stat pass="1" fail="0" skip="0">All Tests</stat>
</total>
<tag>
</tag>
<suite>
<stat pass="1" fail="0" skip="0" id="s1" name="Simple">Simple</stat>
</suite>
</statistics>
<errors>
</errors>
</robot>
